c:\users\user\downloads\cyclonetcp_ssl_crypto_open_1_7_6\cyclonetcp_ssl_crypto_open_1_7_6\demo\x86\aes demo\vs2008\debug\vc141.pdb
c:\users\user\downloads\cyclonetcp_ssl_crypto_open_1_7_6\cyclonetcp_ssl_crypto_open_1_7_6\demo\x86\aes demo\vs2008\debug\vc141.idb
c:\users\user\downloads\cyclonetcp_ssl_crypto_open_1_7_6\cyclonetcp_ssl_crypto_open_1_7_6\demo\x86\aes demo\vs2008\debug\seed.obj
c:\users\user\downloads\cyclonetcp_ssl_crypto_open_1_7_6\cyclonetcp_ssl_crypto_open_1_7_6\demo\x86\aes demo\vs2008\debug\sha1.obj
c:\users\user\downloads\cyclonetcp_ssl_crypto_open_1_7_6\cyclonetcp_ssl_crypto_open_1_7_6\demo\x86\aes demo\vs2008\debug\sha224.obj
c:\users\user\downloads\cyclonetcp_ssl_crypto_open_1_7_6\cyclonetcp_ssl_crypto_open_1_7_6\demo\x86\aes demo\vs2008\debug\sha256.obj
c:\users\user\downloads\cyclonetcp_ssl_crypto_open_1_7_6\cyclonetcp_ssl_crypto_open_1_7_6\demo\x86\aes demo\vs2008\debug\sha384.obj
c:\users\user\downloads\cyclonetcp_ssl_crypto_open_1_7_6\cyclonetcp_ssl_crypto_open_1_7_6\demo\x86\aes demo\vs2008\debug\sha512.obj
c:\users\user\downloads\cyclonetcp_ssl_crypto_open_1_7_6\cyclonetcp_ssl_crypto_open_1_7_6\demo\x86\aes demo\vs2008\debug\x509.obj
c:\users\user\downloads\cyclonetcp_ssl_crypto_open_1_7_6\cyclonetcp_ssl_crypto_open_1_7_6\demo\x86\aes demo\vs2008\debug\yarrow.obj
c:\users\user\downloads\cyclonetcp_ssl_crypto_open_1_7_6\cyclonetcp_ssl_crypto_open_1_7_6\demo\x86\aes demo\vs2008\debug\ssl_common.obj
c:\users\user\downloads\cyclonetcp_ssl_crypto_open_1_7_6\cyclonetcp_ssl_crypto_open_1_7_6\demo\x86\aes demo\vs2008\debug\tls.obj
c:\users\user\downloads\cyclonetcp_ssl_crypto_open_1_7_6\cyclonetcp_ssl_crypto_open_1_7_6\demo\x86\aes demo\vs2008\debug\tls_cache.obj
c:\users\user\downloads\cyclonetcp_ssl_crypto_open_1_7_6\cyclonetcp_ssl_crypto_open_1_7_6\demo\x86\aes demo\vs2008\debug\tls_cipher_suites.obj
c:\users\user\downloads\cyclonetcp_ssl_crypto_open_1_7_6\cyclonetcp_ssl_crypto_open_1_7_6\demo\x86\aes demo\vs2008\debug\tls_client.obj
c:\users\user\downloads\cyclonetcp_ssl_crypto_open_1_7_6\cyclonetcp_ssl_crypto_open_1_7_6\demo\x86\aes demo\vs2008\debug\tls_client_misc.obj
c:\users\user\downloads\cyclonetcp_ssl_crypto_open_1_7_6\cyclonetcp_ssl_crypto_open_1_7_6\demo\x86\aes demo\vs2008\debug\tls_common.obj
c:\users\user\downloads\cyclonetcp_ssl_crypto_open_1_7_6\cyclonetcp_ssl_crypto_open_1_7_6\demo\x86\aes demo\vs2008\debug\tls_misc.obj
c:\users\user\downloads\cyclonetcp_ssl_crypto_open_1_7_6\cyclonetcp_ssl_crypto_open_1_7_6\demo\x86\aes demo\vs2008\debug\tls_record.obj
c:\users\user\downloads\cyclonetcp_ssl_crypto_open_1_7_6\cyclonetcp_ssl_crypto_open_1_7_6\demo\x86\aes demo\vs2008\debug\tls_server.obj
c:\users\user\downloads\cyclonetcp_ssl_crypto_open_1_7_6\cyclonetcp_ssl_crypto_open_1_7_6\demo\x86\aes demo\vs2008\debug\tls_server_misc.obj
c:\users\user\downloads\cyclonetcp_ssl_crypto_open_1_7_6\cyclonetcp_ssl_crypto_open_1_7_6\demo\x86\aes demo\vs2008\debug\main.obj
c:\users\user\downloads\cyclonetcp_ssl_crypto_open_1_7_6\cyclonetcp_ssl_crypto_open_1_7_6\demo\x86\aes demo\vs2008\debug\cipher_mode_cbc.obj
c:\users\user\downloads\cyclonetcp_ssl_crypto_open_1_7_6\cyclonetcp_ssl_crypto_open_1_7_6\demo\x86\aes demo\vs2008\debug\cipher_mode_ccm.obj
c:\users\user\downloads\cyclonetcp_ssl_crypto_open_1_7_6\cyclonetcp_ssl_crypto_open_1_7_6\demo\x86\aes demo\vs2008\debug\cipher_mode_gcm.obj
c:\users\user\downloads\cyclonetcp_ssl_crypto_open_1_7_6\cyclonetcp_ssl_crypto_open_1_7_6\demo\x86\aes demo\vs2008\debug\des.obj
c:\users\user\downloads\cyclonetcp_ssl_crypto_open_1_7_6\cyclonetcp_ssl_crypto_open_1_7_6\demo\x86\aes demo\vs2008\debug\des3.obj
c:\users\user\downloads\cyclonetcp_ssl_crypto_open_1_7_6\cyclonetcp_ssl_crypto_open_1_7_6\demo\x86\aes demo\vs2008\debug\dh.obj
c:\users\user\downloads\cyclonetcp_ssl_crypto_open_1_7_6\cyclonetcp_ssl_crypto_open_1_7_6\demo\x86\aes demo\vs2008\debug\dsa.obj
c:\users\user\downloads\cyclonetcp_ssl_crypto_open_1_7_6\cyclonetcp_ssl_crypto_open_1_7_6\demo\x86\aes demo\vs2008\debug\ec.obj
c:\users\user\downloads\cyclonetcp_ssl_crypto_open_1_7_6\cyclonetcp_ssl_crypto_open_1_7_6\demo\x86\aes demo\vs2008\debug\ecdh.obj
c:\users\user\downloads\cyclonetcp_ssl_crypto_open_1_7_6\cyclonetcp_ssl_crypto_open_1_7_6\demo\x86\aes demo\vs2008\debug\ecdsa.obj
c:\users\user\downloads\cyclonetcp_ssl_crypto_open_1_7_6\cyclonetcp_ssl_crypto_open_1_7_6\demo\x86\aes demo\vs2008\debug\ec_curves.obj
c:\users\user\downloads\cyclonetcp_ssl_crypto_open_1_7_6\cyclonetcp_ssl_crypto_open_1_7_6\demo\x86\aes demo\vs2008\debug\hmac.obj
c:\users\user\downloads\cyclonetcp_ssl_crypto_open_1_7_6\cyclonetcp_ssl_crypto_open_1_7_6\demo\x86\aes demo\vs2008\debug\idea.obj
c:\users\user\downloads\cyclonetcp_ssl_crypto_open_1_7_6\cyclonetcp_ssl_crypto_open_1_7_6\demo\x86\aes demo\vs2008\debug\md5.obj
c:\users\user\downloads\cyclonetcp_ssl_crypto_open_1_7_6\cyclonetcp_ssl_crypto_open_1_7_6\demo\x86\aes demo\vs2008\debug\mpi.obj
c:\users\user\downloads\cyclonetcp_ssl_crypto_open_1_7_6\cyclonetcp_ssl_crypto_open_1_7_6\demo\x86\aes demo\vs2008\debug\oid.obj
c:\users\user\downloads\cyclonetcp_ssl_crypto_open_1_7_6\cyclonetcp_ssl_crypto_open_1_7_6\demo\x86\aes demo\vs2008\debug\pem.obj
c:\users\user\downloads\cyclonetcp_ssl_crypto_open_1_7_6\cyclonetcp_ssl_crypto_open_1_7_6\demo\x86\aes demo\vs2008\debug\poly1305.obj
c:\users\user\downloads\cyclonetcp_ssl_crypto_open_1_7_6\cyclonetcp_ssl_crypto_open_1_7_6\demo\x86\aes demo\vs2008\debug\rc4.obj
c:\users\user\downloads\cyclonetcp_ssl_crypto_open_1_7_6\cyclonetcp_ssl_crypto_open_1_7_6\demo\x86\aes demo\vs2008\debug\rsa.obj
c:\users\user\downloads\cyclonetcp_ssl_crypto_open_1_7_6\cyclonetcp_ssl_crypto_open_1_7_6\demo\x86\aes demo\vs2008\debug\cpu_endian.obj
c:\users\user\downloads\cyclonetcp_ssl_crypto_open_1_7_6\cyclonetcp_ssl_crypto_open_1_7_6\demo\x86\aes demo\vs2008\debug\date_time.obj
c:\users\user\downloads\cyclonetcp_ssl_crypto_open_1_7_6\cyclonetcp_ssl_crypto_open_1_7_6\demo\x86\aes demo\vs2008\debug\debug.obj
c:\users\user\downloads\cyclonetcp_ssl_crypto_open_1_7_6\cyclonetcp_ssl_crypto_open_1_7_6\demo\x86\aes demo\vs2008\debug\os_port_windows.obj
c:\users\user\downloads\cyclonetcp_ssl_crypto_open_1_7_6\cyclonetcp_ssl_crypto_open_1_7_6\demo\x86\aes demo\vs2008\debug\aes.obj
c:\users\user\downloads\cyclonetcp_ssl_crypto_open_1_7_6\cyclonetcp_ssl_crypto_open_1_7_6\demo\x86\aes demo\vs2008\debug\aria.obj
c:\users\user\downloads\cyclonetcp_ssl_crypto_open_1_7_6\cyclonetcp_ssl_crypto_open_1_7_6\demo\x86\aes demo\vs2008\debug\asn1.obj
c:\users\user\downloads\cyclonetcp_ssl_crypto_open_1_7_6\cyclonetcp_ssl_crypto_open_1_7_6\demo\x86\aes demo\vs2008\debug\base64.obj
c:\users\user\downloads\cyclonetcp_ssl_crypto_open_1_7_6\cyclonetcp_ssl_crypto_open_1_7_6\demo\x86\aes demo\vs2008\debug\camellia.obj
c:\users\user\downloads\cyclonetcp_ssl_crypto_open_1_7_6\cyclonetcp_ssl_crypto_open_1_7_6\demo\x86\aes demo\vs2008\debug\chacha.obj
c:\users\user\downloads\cyclonetcp_ssl_crypto_open_1_7_6\cyclonetcp_ssl_crypto_open_1_7_6\demo\x86\aes demo\vs2008\debug\chacha20_poly1305.obj
c:\users\user\downloads\cyclonetcp_ssl_crypto_open_1_7_6\cyclonetcp_ssl_crypto_open_1_7_6\demo\x86\aes demo\vs2008\debug\aes_demo.ilk
c:\users\user\downloads\cyclonetcp_ssl_crypto_open_1_7_6\cyclonetcp_ssl_crypto_open_1_7_6\demo\x86\aes demo\vs2008\debug\aes_demo.exe
c:\users\user\downloads\cyclonetcp_ssl_crypto_open_1_7_6\cyclonetcp_ssl_crypto_open_1_7_6\demo\x86\aes demo\vs2008\debug\aes_demo.pdb
c:\users\user\downloads\cyclonetcp_ssl_crypto_open_1_7_6\cyclonetcp_ssl_crypto_open_1_7_6\demo\x86\aes demo\vs2008\debug\aes_demo.tlog\cl.command.1.tlog
c:\users\user\downloads\cyclonetcp_ssl_crypto_open_1_7_6\cyclonetcp_ssl_crypto_open_1_7_6\demo\x86\aes demo\vs2008\debug\aes_demo.tlog\cl.read.1.tlog
c:\users\user\downloads\cyclonetcp_ssl_crypto_open_1_7_6\cyclonetcp_ssl_crypto_open_1_7_6\demo\x86\aes demo\vs2008\debug\aes_demo.tlog\cl.write.1.tlog
c:\users\user\downloads\cyclonetcp_ssl_crypto_open_1_7_6\cyclonetcp_ssl_crypto_open_1_7_6\demo\x86\aes demo\vs2008\debug\aes_demo.tlog\link.command.1.tlog
c:\users\user\downloads\cyclonetcp_ssl_crypto_open_1_7_6\cyclonetcp_ssl_crypto_open_1_7_6\demo\x86\aes demo\vs2008\debug\aes_demo.tlog\link.read.1.tlog
c:\users\user\downloads\cyclonetcp_ssl_crypto_open_1_7_6\cyclonetcp_ssl_crypto_open_1_7_6\demo\x86\aes demo\vs2008\debug\aes_demo.tlog\link.write.1.tlog
